[debug] [2019-08-16T09:09:40.048Z] ----------------------------------------------------------------------
[debug] [2019-08-16T09:09:40.054Z] Command:       C:\Program Files\nodejs\node.exe C:\Users\skand\AppData\Roaming\npm\node_modules\firebase-tools\lib\bin\firebase.js login
[debug] [2019-08-16T09:09:40.054Z] CLI Version:   7.2.2
[debug] [2019-08-16T09:09:40.054Z] Platform:      win32
[debug] [2019-08-16T09:09:40.055Z] Node Version:  v10.16.0
[debug] [2019-08-16T09:09:40.056Z] Time:          Fri Aug 16 2019 14:39:40 GMT+0530 (India Standard Time)
[debug] [2019-08-16T09:09:40.057Z] ----------------------------------------------------------------------
[debug] 
[info] 
[info] Visit this URL on any device to log in:
[info] https://accounts.google.com/o/oauth2/auth?client_id=563584335869-fgrhgmd47bqnekij5i8b5pr03ho849e6.apps.googleusercontent.com&scope=email%20openid%20https%3A%2F%2Fwww.googleapis.com%2Fauth%2Fcloudplatformprojects.readonly%20https%3A%2F%2Fwww.googleapis.com%2Fauth%2Ffirebase%20https%3A%2F%2Fwww.googleapis.com%2Fauth%2Fcloud-platform&response_type=code&state=546047711&redirect_uri=http%3A%2F%2Flocalhost%3A9005
[info] 
[info] Waiting for authentication...
[debug] [2019-08-16T09:09:49.626Z] Error: spawn cmd ENOENT
    at Process.ChildProcess._handle.onexit (internal/child_process.js:240:19)
    at onErrorNT (internal/child_process.js:415:16)
    at process._tickCallback (internal/process/next_tick.js:63:19)
[error] 
[error] Error: An unexpected error has occurred.
[debug] [2019-08-16T09:09:59.621Z] ----------------------------------------------------------------------
[debug] [2019-08-16T09:09:59.625Z] Command:       C:\Program Files\nodejs\node.exe C:\Users\skand\AppData\Roaming\npm\node_modules\firebase-tools\lib\bin\firebase.js login
[debug] [2019-08-16T09:09:59.625Z] CLI Version:   7.2.2
[debug] [2019-08-16T09:09:59.625Z] Platform:      win32
[debug] [2019-08-16T09:09:59.625Z] Node Version:  v10.16.0
[debug] [2019-08-16T09:09:59.627Z] Time:          Fri Aug 16 2019 14:39:59 GMT+0530 (India Standard Time)
[debug] [2019-08-16T09:09:59.627Z] ----------------------------------------------------------------------
[debug] 
[info] 
[info] Visit this URL on any device to log in:
[info] https://accounts.google.com/o/oauth2/auth?client_id=563584335869-fgrhgmd47bqnekij5i8b5pr03ho849e6.apps.googleusercontent.com&scope=email%20openid%20https%3A%2F%2Fwww.googleapis.com%2Fauth%2Fcloudplatformprojects.readonly%20https%3A%2F%2Fwww.googleapis.com%2Fauth%2Ffirebase%20https%3A%2F%2Fwww.googleapis.com%2Fauth%2Fcloud-platform&response_type=code&state=681034928&redirect_uri=http%3A%2F%2Flocalhost%3A9005
[info] 
[info] Waiting for authentication...
[debug] [2019-08-16T09:10:02.093Z] Error: spawn cmd ENOENT
    at Process.ChildProcess._handle.onexit (internal/child_process.js:240:19)
    at onErrorNT (internal/child_process.js:415:16)
    at process._tickCallback (internal/process/next_tick.js:63:19)
[error] 
[error] Error: An unexpected error has occurred.
[debug] [2019-08-16T09:11:04.268Z] ----------------------------------------------------------------------
[debug] [2019-08-16T09:11:04.272Z] Command:       C:\Program Files\nodejs\node.exe C:\Users\skand\AppData\Roaming\npm\node_modules\firebase-tools\lib\bin\firebase.js login
[debug] [2019-08-16T09:11:04.272Z] CLI Version:   7.2.2
[debug] [2019-08-16T09:11:04.272Z] Platform:      win32
[debug] [2019-08-16T09:11:04.272Z] Node Version:  v10.16.0
[debug] [2019-08-16T09:11:04.274Z] Time:          Fri Aug 16 2019 14:41:04 GMT+0530 (India Standard Time)
[debug] [2019-08-16T09:11:04.274Z] ----------------------------------------------------------------------
[debug] 
[info] 
[info] Visit this URL on any device to log in:
[info] https://accounts.google.com/o/oauth2/auth?client_id=563584335869-fgrhgmd47bqnekij5i8b5pr03ho849e6.apps.googleusercontent.com&scope=email%20openid%20https%3A%2F%2Fwww.googleapis.com%2Fauth%2Fcloudplatformprojects.readonly%20https%3A%2F%2Fwww.googleapis.com%2Fauth%2Ffirebase%20https%3A%2F%2Fwww.googleapis.com%2Fauth%2Fcloud-platform&response_type=code&state=928828210&redirect_uri=http%3A%2F%2Flocalhost%3A9005
[info] 
[info] Waiting for authentication...
[debug] [2019-08-16T09:11:07.358Z] Error: spawn cmd ENOENT
    at Process.ChildProcess._handle.onexit (internal/child_process.js:240:19)
    at onErrorNT (internal/child_process.js:415:16)
    at process._tickCallback (internal/process/next_tick.js:63:19)
[error] 
[error] Error: An unexpected error has occurred.
